<?xml version="1.0" encoding="UTF-8"?>
<coverage generated="1534429338510" clover="3.2.0">
  <project timestamp="1534429338510" name="All files">
    <metrics statements="40" coveredstatements="40" conditionals="35" coveredconditionals="33" methods="16" coveredmethods="16" elements="91" coveredelements="89" complexity="0" loc="40" ncloc="40" packages="5" files="7" classes="7">
      <package name="actions">
        <metrics statements="9" coveredstatements="9" conditionals="7" coveredconditionals="6" methods="8" coveredmethods="8"/>
        <file name="expenses.js" path="/mnt/c/Code/Udemy/ReactAMead/expensify/src/actions/expenses.js">
          <metrics statements="4" coveredstatements="4" conditionals="6" coveredconditionals="5" methods="3" coveredmethods="3"/>
          <line num="3" count="1" type="cond" truecount="1" falsecount="0"/>
          <line num="8" count="2" type="stmt"/>
          <line num="19" count="1" type="cond" truecount="0" falsecount="1"/>
          <line num="24" count="1" type="stmt"/>
        </file>
        <file name="filters.js" path="/mnt/c/Code/Udemy/ReactAMead/expensify/src/actions/filters.js">
          <metrics statements="5" coveredstatements="5" conditionals="1" coveredconditionals="1" methods="5" coveredmethods="5"/>
          <line num="1" count="2" type="cond" truecount="1" falsecount="0"/>
          <line num="6" count="1" type="stmt"/>
          <line num="10" count="1" type="stmt"/>
          <line num="14" count="1" type="stmt"/>
          <line num="19" count="1" type="stmt"/>
        </file>
      </package>
      <package name="components">
        <metrics statements="2" coveredstatements="2" conditionals="0" coveredconditionals="0" methods="1" coveredmethods="1"/>
        <file name="Header.js" path="/mnt/c/Code/Udemy/ReactAMead/expensify/src/components/Header.js">
          <metrics statements="2" coveredstatements="2" conditionals="0" coveredconditionals="0" methods="1" coveredmethods="1"/>
          <line num="4" count="1" type="stmt"/>
          <line num="5" count="1" type="stmt"/>
        </file>
      </package>
      <package name="reducers">
        <metrics statements="17" coveredstatements="17" conditionals="16" coveredconditionals="15" methods="4" coveredmethods="4"/>
        <file name="expenses.js" path="/mnt/c/Code/Udemy/ReactAMead/expensify/src/reducers/expenses.js">
          <metrics statements="9" coveredstatements="9" conditionals="9" coveredconditionals="8" methods="3" coveredmethods="3"/>
          <line num="1" count="1" type="stmt"/>
          <line num="4" count="6" type="cond" truecount="4" falsecount="0"/>
          <line num="6" count="1" type="stmt"/>
          <line num="8" count="6" type="cond" truecount="1" falsecount="1"/>
          <line num="10" count="2" type="stmt"/>
          <line num="11" count="6" type="cond" truecount="2" falsecount="0"/>
          <line num="12" count="1" type="stmt"/>
          <line num="14" count="5" type="stmt"/>
          <line num="17" count="1" type="stmt"/>
        </file>
        <file name="filters.js" path="/mnt/c/Code/Udemy/ReactAMead/expensify/src/reducers/filters.js">
          <metrics statements="8" coveredstatements="8" conditionals="7" coveredconditionals="7" methods="1" coveredmethods="1"/>
          <line num="3" count="1" type="stmt"/>
          <line num="11" count="6" type="cond" truecount="6" falsecount="0"/>
          <line num="13" count="1" type="stmt"/>
          <line num="15" count="1" type="stmt"/>
          <line num="17" count="1" type="stmt"/>
          <line num="19" count="1" type="stmt"/>
          <line num="21" count="1" type="stmt"/>
          <line num="23" count="1" type="stmt"/>
        </file>
      </package>
      <package name="selectors">
        <metrics statements="12" coveredstatements="12" conditionals="12" coveredconditionals="12" methods="3" coveredmethods="3"/>
        <file name="expenses.js" path="/mnt/c/Code/Udemy/ReactAMead/expensify/src/selectors/expenses.js">
          <metrics statements="12" coveredstatements="12" conditionals="12" coveredconditionals="12" methods="3" coveredmethods="3"/>
          <line num="4" count="6" type="stmt"/>
          <line num="5" count="11" type="cond" truecount="3" falsecount="0"/>
          <line num="7" count="3" type="stmt"/>
          <line num="9" count="6" type="stmt"/>
          <line num="13" count="2" type="stmt"/>
          <line num="17" count="6" type="stmt"/>
          <line num="18" count="18" type="stmt"/>
          <line num="20" count="18" type="cond" truecount="2" falsecount="0"/>
          <line num="23" count="18" type="cond" truecount="2" falsecount="0"/>
          <line num="26" count="18" type="cond" truecount="2" falsecount="0"/>
          <line num="29" count="18" type="cond" truecount="3" falsecount="0"/>
          <line num="32" count="6" type="stmt"/>
        </file>
      </package>
      <package name="tests.fixtures">
        <metrics statements="0" coveredstatements="0" conditionals="0" coveredconditionals="0" methods="0" coveredmethods="0"/>
        <file name="expenses.js" path="/mnt/c/Code/Udemy/ReactAMead/expensify/src/tests/fixtures/expenses.js">
          <metrics statements="0" coveredstatements="0" conditionals="0" coveredconditionals="0" methods="0" coveredmethods="0"/>
        </file>
      </package>
    </metrics>
  </project>
</coverage>
