<?xml version="1.0" encoding="UTF-8"?>
<coverage generated="1534969510696" clover="3.2.0">
  <project timestamp="1534969510696" name="All files">
    <metrics statements="95" coveredstatements="95" conditionals="65" coveredconditionals="62" methods="53" coveredmethods="51" elements="213" coveredelements="208" complexity="0" loc="95" ncloc="95" packages="6" files="16" classes="16">
      <package name="actions">
        <metrics statements="9" coveredstatements="9" conditionals="7" coveredconditionals="7" methods="8" coveredmethods="8"/>
        <file name="expenses.js" path="/mnt/c/Code/Udemy/ReactAMead/expensify/src/actions/expenses.js">
          <metrics statements="4" coveredstatements="4" conditionals="6" coveredconditionals="6" methods="3" coveredmethods="3"/>
          <line num="3" count="3" type="cond" truecount="1" falsecount="0"/>
          <line num="8" count="2" type="stmt"/>
          <line num="19" count="3" type="cond" truecount="1" falsecount="0"/>
          <line num="24" count="3" type="stmt"/>
        </file>
        <file name="filters.js" path="/mnt/c/Code/Udemy/ReactAMead/expensify/src/actions/filters.js">
          <metrics statements="5" coveredstatements="5" conditionals="1" coveredconditionals="1" methods="5" coveredmethods="5"/>
          <line num="1" count="3" type="cond" truecount="1" falsecount="0"/>
          <line num="6" count="3" type="stmt"/>
          <line num="10" count="3" type="stmt"/>
          <line num="14" count="3" type="stmt"/>
          <line num="19" count="3" type="stmt"/>
        </file>
      </package>
      <package name="components">
        <metrics statements="54" coveredstatements="54" conditionals="30" coveredconditionals="28" methods="38" coveredmethods="36"/>
        <file name="AddExpensePage.js" path="/mnt/c/Code/Udemy/ReactAMead/expensify/src/components/AddExpensePage.js">
          <metrics statements="4" coveredstatements="4" conditionals="0" coveredconditionals="0" methods="2" coveredmethods="2"/>
          <line num="10" count="1" type="stmt"/>
          <line num="11" count="1" type="stmt"/>
          <line num="15" count="2" type="stmt"/>
          <line num="26" count="1" type="stmt"/>
        </file>
        <file name="EditExpensePage.js" path="/mnt/c/Code/Udemy/ReactAMead/expensify/src/components/EditExpensePage.js">
          <metrics statements="9" coveredstatements="9" conditionals="2" coveredconditionals="1" methods="6" coveredmethods="6"/>
          <line num="11" count="5" type="cond" truecount="1" falsecount="1"/>
          <line num="15" count="1" type="stmt"/>
          <line num="16" count="1" type="stmt"/>
          <line num="20" count="1" type="stmt"/>
          <line num="21" count="1" type="stmt"/>
          <line num="25" count="7" type="stmt"/>
          <line num="34" count="1" type="stmt"/>
          <line num="35" count="3" type="stmt"/>
          <line num="38" count="1" type="stmt"/>
        </file>
        <file name="ExpenseDashboardPage.js" path="/mnt/c/Code/Udemy/ReactAMead/expensify/src/components/ExpenseDashboardPage.js">
          <metrics statements="2" coveredstatements="2" conditionals="0" coveredconditionals="0" methods="1" coveredmethods="1"/>
          <line num="5" count="1" type="stmt"/>
          <line num="6" count="1" type="stmt"/>
        </file>
        <file name="ExpenseForm.js" path="/mnt/c/Code/Udemy/ReactAMead/expensify/src/components/ExpenseForm.js">
          <metrics statements="19" coveredstatements="19" conditionals="22" coveredconditionals="22" methods="16" coveredmethods="16"/>
          <line num="8" count="11" type="stmt"/>
          <line num="10" count="11" type="stmt"/>
          <line num="21" count="1" type="stmt"/>
          <line num="22" count="1" type="stmt"/>
          <line num="26" count="1" type="stmt"/>
          <line num="27" count="1" type="stmt"/>
          <line num="31" count="2" type="stmt"/>
          <line num="32" count="2" type="cond" truecount="4" falsecount="0"/>
          <line num="33" count="1" type="stmt"/>
          <line num="38" count="2" type="cond" truecount="2" falsecount="0"/>
          <line num="39" count="1" type="stmt"/>
          <line num="44" count="1" type="stmt"/>
          <line num="48" count="2" type="stmt"/>
          <line num="49" count="2" type="cond" truecount="4" falsecount="0"/>
          <line num="51" count="1" type="stmt"/>
          <line num="55" count="1" type="stmt"/>
          <line num="56" count="1" type="stmt"/>
          <line num="66" count="18" type="stmt"/>
          <line num="90" count="2" type="stmt"/>
        </file>
        <file name="ExpenseList.js" path="/mnt/c/Code/Udemy/ReactAMead/expensify/src/components/ExpenseList.js">
          <metrics statements="4" coveredstatements="4" conditionals="2" coveredconditionals="2" methods="3" coveredmethods="2"/>
          <line num="6" count="2" type="stmt"/>
          <line num="7" count="2" type="stmt"/>
          <line num="12" count="3" type="stmt"/>
          <line num="18" count="2" type="stmt"/>
        </file>
        <file name="ExpenseListFilters.js" path="/mnt/c/Code/Udemy/ReactAMead/expensify/src/components/ExpenseListFilters.js">
          <metrics statements="12" coveredstatements="12" conditionals="4" coveredconditionals="3" methods="8" coveredmethods="7"/>
          <line num="20" count="1" type="stmt"/>
          <line num="21" count="1" type="stmt"/>
          <line num="25" count="1" type="stmt"/>
          <line num="28" count="1" type="stmt"/>
          <line num="31" count="2" type="cond" truecount="2" falsecount="0"/>
          <line num="32" count="1" type="stmt"/>
          <line num="33" count="1" type="cond" truecount="1" falsecount="1"/>
          <line num="34" count="1" type="stmt"/>
          <line num="39" count="11" type="stmt"/>
          <line num="59" count="2" type="stmt"/>
          <line num="67" count="2" type="stmt"/>
          <line num="71" count="2" type="stmt"/>
        </file>
        <file name="ExpenseListItem.js" path="/mnt/c/Code/Udemy/ReactAMead/expensify/src/components/ExpenseListItem.js">
          <metrics statements="2" coveredstatements="2" conditionals="0" coveredconditionals="0" methods="1" coveredmethods="1"/>
          <line num="4" count="3" type="stmt"/>
          <line num="5" count="1" type="stmt"/>
        </file>
        <file name="Header.js" path="/mnt/c/Code/Udemy/ReactAMead/expensify/src/components/Header.js">
          <metrics statements="2" coveredstatements="2" conditionals="0" coveredconditionals="0" methods="1" coveredmethods="1"/>
          <line num="4" count="1" type="stmt"/>
          <line num="5" count="1" type="stmt"/>
        </file>
      </package>
      <package name="reducers">
        <metrics statements="17" coveredstatements="17" conditionals="16" coveredconditionals="15" methods="4" coveredmethods="4"/>
        <file name="expenses.js" path="/mnt/c/Code/Udemy/ReactAMead/expensify/src/reducers/expenses.js">
          <metrics statements="9" coveredstatements="9" conditionals="9" coveredconditionals="8" methods="3" coveredmethods="3"/>
          <line num="1" count="1" type="stmt"/>
          <line num="4" count="6" type="cond" truecount="4" falsecount="0"/>
          <line num="6" count="1" type="stmt"/>
          <line num="8" count="6" type="cond" truecount="1" falsecount="1"/>
          <line num="10" count="2" type="stmt"/>
          <line num="11" count="6" type="cond" truecount="2" falsecount="0"/>
          <line num="12" count="1" type="stmt"/>
          <line num="14" count="5" type="stmt"/>
          <line num="17" count="1" type="stmt"/>
        </file>
        <file name="filters.js" path="/mnt/c/Code/Udemy/ReactAMead/expensify/src/reducers/filters.js">
          <metrics statements="8" coveredstatements="8" conditionals="7" coveredconditionals="7" methods="1" coveredmethods="1"/>
          <line num="3" count="1" type="stmt"/>
          <line num="11" count="6" type="cond" truecount="6" falsecount="0"/>
          <line num="13" count="1" type="stmt"/>
          <line num="15" count="1" type="stmt"/>
          <line num="17" count="1" type="stmt"/>
          <line num="19" count="1" type="stmt"/>
          <line num="21" count="1" type="stmt"/>
          <line num="23" count="1" type="stmt"/>
        </file>
      </package>
      <package name="selectors">
        <metrics statements="12" coveredstatements="12" conditionals="12" coveredconditionals="12" methods="3" coveredmethods="3"/>
        <file name="expenses.js" path="/mnt/c/Code/Udemy/ReactAMead/expensify/src/selectors/expenses.js">
          <metrics statements="12" coveredstatements="12" conditionals="12" coveredconditionals="12" methods="3" coveredmethods="3"/>
          <line num="4" count="6" type="stmt"/>
          <line num="5" count="11" type="cond" truecount="3" falsecount="0"/>
          <line num="7" count="3" type="stmt"/>
          <line num="9" count="6" type="stmt"/>
          <line num="13" count="2" type="stmt"/>
          <line num="17" count="6" type="stmt"/>
          <line num="18" count="18" type="stmt"/>
          <line num="20" count="18" type="cond" truecount="2" falsecount="0"/>
          <line num="23" count="18" type="cond" truecount="2" falsecount="0"/>
          <line num="26" count="18" type="cond" truecount="2" falsecount="0"/>
          <line num="29" count="18" type="cond" truecount="3" falsecount="0"/>
          <line num="32" count="6" type="stmt"/>
        </file>
      </package>
      <package name="tests">
        <metrics statements="1" coveredstatements="1" conditionals="0" coveredconditionals="0" methods="0" coveredmethods="0"/>
        <file name="setupTests.js" path="/mnt/c/Code/Udemy/ReactAMead/expensify/src/tests/setupTests.js">
          <metrics statements="1" coveredstatements="1" conditionals="0" coveredconditionals="0" methods="0" coveredmethods="0"/>
          <line num="4" count="13" type="stmt"/>
        </file>
      </package>
      <package name="tests.fixtures">
        <metrics statements="2" coveredstatements="2" conditionals="0" coveredconditionals="0" methods="0" coveredmethods="0"/>
        <file name="expenses.js" path="/mnt/c/Code/Udemy/ReactAMead/expensify/src/tests/fixtures/expenses.js">
          <metrics statements="0" coveredstatements="0" conditionals="0" coveredconditionals="0" methods="0" coveredmethods="0"/>
        </file>
        <file name="filters.js" path="/mnt/c/Code/Udemy/ReactAMead/expensify/src/tests/fixtures/filters.js">
          <metrics statements="2" coveredstatements="2" conditionals="0" coveredconditionals="0" methods="0" coveredmethods="0"/>
          <line num="3" count="1" type="stmt"/>
          <line num="10" count="1" type="stmt"/>
        </file>
      </package>
    </metrics>
  </project>
</coverage>
