{"/mnt/c/Code/Udemy/ReactAMead/expensify/src/actions/expenses.js": {"path":"/mnt/c/Code/Udemy/ReactAMead/expensify/src/actions/expenses.js","statementMap":{"0":{"start":{"line":3,"column":26},"end":{"line":17,"column":2}},"1":{"start":{"line":8,"column":12},"end":{"line":17,"column":1}},"2":{"start":{"line":19,"column":29},"end":{"line":22,"column":2}},"3":{"start":{"line":19,"column":47},"end":{"line":22,"column":1}},"4":{"start":{"line":24,"column":27},"end":{"line":28,"column":2}},"5":{"start":{"line":24,"column":45},"end":{"line":28,"column":1}}},"fnMap":{"0":{"name":"(anonymous_0)","decl":{"start":{"line":3,"column":26},"end":{"line":3,"column":27}},"loc":{"start":{"line":8,"column":12},"end":{"line":17,"column":1}},"line":8},"1":{"name":"(anonymous_1)","decl":{"start":{"line":19,"column":29},"end":{"line":19,"column":30}},"loc":{"start":{"line":19,"column":47},"end":{"line":22,"column":1}},"line":19},"2":{"name":"(anonymous_2)","decl":{"start":{"line":24,"column":27},"end":{"line":24,"column":28}},"loc":{"start":{"line":24,"column":45},"end":{"line":28,"column":1}},"line":24}},"branchMap":{"0":{"loc":{"start":{"line":3,"column":27},"end":{"line":8,"column":6}},"type":"default-arg","locations":[{"start":{"line":8,"column":4},"end":{"line":8,"column":6}}],"line":3},"1":{"loc":{"start":{"line":4,"column":2},"end":{"line":4,"column":18}},"type":"default-arg","locations":[{"start":{"line":4,"column":16},"end":{"line":4,"column":18}}],"line":4},"2":{"loc":{"start":{"line":5,"column":2},"end":{"line":5,"column":11}},"type":"default-arg","locations":[{"start":{"line":5,"column":9},"end":{"line":5,"column":11}}],"line":5},"3":{"loc":{"start":{"line":6,"column":2},"end":{"line":6,"column":12}},"type":"default-arg","locations":[{"start":{"line":6,"column":11},"end":{"line":6,"column":12}}],"line":6},"4":{"loc":{"start":{"line":7,"column":2},"end":{"line":7,"column":15}},"type":"default-arg","locations":[{"start":{"line":7,"column":14},"end":{"line":7,"column":15}}],"line":7},"5":{"loc":{"start":{"line":19,"column":30},"end":{"line":19,"column":41}},"type":"default-arg","locations":[{"start":{"line":19,"column":39},"end":{"line":19,"column":41}}],"line":19}},"s":{"0":1,"1":2,"2":1,"3":1,"4":1,"5":1},"f":{"0":2,"1":1,"2":1},"b":{"0":[1],"1":[1],"2":[1],"3":[1],"4":[1],"5":[0]},"_coverageSchema":"332fd63041d2c1bcb487cc26dd0d5f7d97098a6c","hash":"1975a92bc8f14f7fda3f5ed146509770fa8fd840"}
,"/mnt/c/Code/Udemy/ReactAMead/expensify/src/actions/filters.js": {"path":"/mnt/c/Code/Udemy/ReactAMead/expensify/src/actions/filters.js","statementMap":{"0":{"start":{"line":1,"column":29},"end":{"line":4,"column":2}},"1":{"start":{"line":1,"column":45},"end":{"line":4,"column":1}},"2":{"start":{"line":6,"column":28},"end":{"line":8,"column":2}},"3":{"start":{"line":6,"column":35},"end":{"line":8,"column":1}},"4":{"start":{"line":10,"column":26},"end":{"line":12,"column":2}},"5":{"start":{"line":10,"column":33},"end":{"line":12,"column":1}},"6":{"start":{"line":14,"column":28},"end":{"line":17,"column":2}},"7":{"start":{"line":14,"column":37},"end":{"line":17,"column":1}},"8":{"start":{"line":19,"column":26},"end":{"line":22,"column":2}},"9":{"start":{"line":19,"column":35},"end":{"line":22,"column":1}}},"fnMap":{"0":{"name":"(anonymous_0)","decl":{"start":{"line":1,"column":29},"end":{"line":1,"column":30}},"loc":{"start":{"line":1,"column":45},"end":{"line":4,"column":1}},"line":1},"1":{"name":"(anonymous_1)","decl":{"start":{"line":6,"column":28},"end":{"line":6,"column":29}},"loc":{"start":{"line":6,"column":35},"end":{"line":8,"column":1}},"line":6},"2":{"name":"(anonymous_2)","decl":{"start":{"line":10,"column":26},"end":{"line":10,"column":27}},"loc":{"start":{"line":10,"column":33},"end":{"line":12,"column":1}},"line":10},"3":{"name":"(anonymous_3)","decl":{"start":{"line":14,"column":28},"end":{"line":14,"column":29}},"loc":{"start":{"line":14,"column":37},"end":{"line":17,"column":1}},"line":14},"4":{"name":"(anonymous_4)","decl":{"start":{"line":19,"column":26},"end":{"line":19,"column":27}},"loc":{"start":{"line":19,"column":35},"end":{"line":22,"column":1}},"line":19}},"branchMap":{"0":{"loc":{"start":{"line":1,"column":30},"end":{"line":1,"column":39}},"type":"default-arg","locations":[{"start":{"line":1,"column":37},"end":{"line":1,"column":39}}],"line":1}},"s":{"0":1,"1":2,"2":1,"3":1,"4":1,"5":1,"6":1,"7":1,"8":1,"9":1},"f":{"0":2,"1":1,"2":1,"3":1,"4":1},"b":{"0":[1]},"_coverageSchema":"332fd63041d2c1bcb487cc26dd0d5f7d97098a6c","hash":"e9fbfb71c713c3a04655f3307467e9a2edc76c8c"}
,"/mnt/c/Code/Udemy/ReactAMead/expensify/src/components/Header.js": {"path":"/mnt/c/Code/Udemy/ReactAMead/expensify/src/components/Header.js","statementMap":{"0":{"start":{"line":4,"column":15},"end":{"line":17,"column":1}},"1":{"start":{"line":5,"column":2},"end":{"line":16,"column":11}}},"fnMap":{"0":{"name":"(anonymous_0)","decl":{"start":{"line":4,"column":15},"end":{"line":4,"column":16}},"loc":{"start":{"line":5,"column":2},"end":{"line":16,"column":11}},"line":5}},"branchMap":{},"s":{"0":1,"1":1},"f":{"0":1},"b":{},"_coverageSchema":"332fd63041d2c1bcb487cc26dd0d5f7d97098a6c","hash":"b5ffcd3f0eed9afa3833c098590ea31752a3b9ca"}
,"/mnt/c/Code/Udemy/ReactAMead/expensify/src/reducers/expenses.js": {"path":"/mnt/c/Code/Udemy/ReactAMead/expensify/src/reducers/expenses.js","statementMap":{"0":{"start":{"line":1,"column":29},"end":{"line":1,"column":31}},"1":{"start":{"line":4,"column":2},"end":{"line":18,"column":3}},"2":{"start":{"line":6,"column":6},"end":{"line":6,"column":40}},"3":{"start":{"line":8,"column":6},"end":{"line":8,"column":76}},"4":{"start":{"line":8,"column":50},"end":{"line":8,"column":66}},"5":{"start":{"line":10,"column":6},"end":{"line":15,"column":9}},"6":{"start":{"line":11,"column":8},"end":{"line":13,"column":9}},"7":{"start":{"line":12,"column":10},"end":{"line":12,"column":51}},"8":{"start":{"line":14,"column":8},"end":{"line":14,"column":23}},"9":{"start":{"line":17,"column":6},"end":{"line":17,"column":19}}},"fnMap":{"0":{"name":"(anonymous_0)","decl":{"start":{"line":3,"column":15},"end":{"line":3,"column":16}},"loc":{"start":{"line":3,"column":57},"end":{"line":19,"column":1}},"line":3},"1":{"name":"(anonymous_1)","decl":{"start":{"line":8,"column":38},"end":{"line":8,"column":39}},"loc":{"start":{"line":8,"column":50},"end":{"line":8,"column":66}},"line":8},"2":{"name":"(anonymous_2)","decl":{"start":{"line":10,"column":23},"end":{"line":10,"column":24}},"loc":{"start":{"line":10,"column":34},"end":{"line":15,"column":7}},"line":10}},"branchMap":{"0":{"loc":{"start":{"line":3,"column":16},"end":{"line":3,"column":44}},"type":"default-arg","locations":[{"start":{"line":3,"column":24},"end":{"line":3,"column":44}}],"line":3},"1":{"loc":{"start":{"line":4,"column":2},"end":{"line":18,"column":3}},"type":"switch","locations":[{"start":{"line":5,"column":4},"end":{"line":6,"column":40}},{"start":{"line":7,"column":4},"end":{"line":8,"column":76}},{"start":{"line":9,"column":4},"end":{"line":15,"column":9}},{"start":{"line":16,"column":4},"end":{"line":17,"column":19}}],"line":4},"2":{"loc":{"start":{"line":8,"column":13},"end":{"line":8,"column":75}},"type":"cond-expr","locations":[{"start":{"line":8,"column":25},"end":{"line":8,"column":67}},{"start":{"line":8,"column":70},"end":{"line":8,"column":75}}],"line":8},"3":{"loc":{"start":{"line":11,"column":8},"end":{"line":13,"column":9}},"type":"if","locations":[{"start":{"line":11,"column":8},"end":{"line":13,"column":9}},{"start":{"line":11,"column":8},"end":{"line":13,"column":9}}],"line":11}},"s":{"0":1,"1":6,"2":1,"3":2,"4":6,"5":2,"6":6,"7":1,"8":5,"9":1},"f":{"0":6,"1":6,"2":6},"b":{"0":[1],"1":[1,2,2,1],"2":[2,0],"3":[1,5]},"_coverageSchema":"332fd63041d2c1bcb487cc26dd0d5f7d97098a6c","hash":"6579d8a41fc2f2213a3182ed502620501d22d894"}
,"/mnt/c/Code/Udemy/ReactAMead/expensify/src/reducers/filters.js": {"path":"/mnt/c/Code/Udemy/ReactAMead/expensify/src/reducers/filters.js","statementMap":{"0":{"start":{"line":3,"column":28},"end":{"line":8,"column":1}},"1":{"start":{"line":11,"column":2},"end":{"line":24,"column":3}},"2":{"start":{"line":13,"column":6},"end":{"line":13,"column":45}},"3":{"start":{"line":15,"column":6},"end":{"line":15,"column":44}},"4":{"start":{"line":17,"column":6},"end":{"line":17,"column":42}},"5":{"start":{"line":19,"column":6},"end":{"line":19,"column":50}},"6":{"start":{"line":21,"column":6},"end":{"line":21,"column":48}},"7":{"start":{"line":23,"column":6},"end":{"line":23,"column":19}}},"fnMap":{"0":{"name":"(anonymous_0)","decl":{"start":{"line":10,"column":15},"end":{"line":10,"column":16}},"loc":{"start":{"line":10,"column":56},"end":{"line":25,"column":1}},"line":10}},"branchMap":{"0":{"loc":{"start":{"line":10,"column":16},"end":{"line":10,"column":43}},"type":"default-arg","locations":[{"start":{"line":10,"column":24},"end":{"line":10,"column":43}}],"line":10},"1":{"loc":{"start":{"line":11,"column":2},"end":{"line":24,"column":3}},"type":"switch","locations":[{"start":{"line":12,"column":4},"end":{"line":13,"column":45}},{"start":{"line":14,"column":4},"end":{"line":15,"column":44}},{"start":{"line":16,"column":4},"end":{"line":17,"column":42}},{"start":{"line":18,"column":4},"end":{"line":19,"column":50}},{"start":{"line":20,"column":4},"end":{"line":21,"column":48}},{"start":{"line":22,"column":4},"end":{"line":23,"column":19}}],"line":11}},"s":{"0":1,"1":6,"2":1,"3":1,"4":1,"5":1,"6":1,"7":1},"f":{"0":6},"b":{"0":[5],"1":[1,1,1,1,1,1]},"_coverageSchema":"332fd63041d2c1bcb487cc26dd0d5f7d97098a6c","hash":"24fe7060436a0f6c133fc57701991fd6bcb9839c"}
,"/mnt/c/Code/Udemy/ReactAMead/expensify/src/selectors/expenses.js": {"path":"/mnt/c/Code/Udemy/ReactAMead/expensify/src/selectors/expenses.js","statementMap":{"0":{"start":{"line":4,"column":23},"end":{"line":15,"column":3}},"1":{"start":{"line":5,"column":4},"end":{"line":14,"column":5}},"2":{"start":{"line":7,"column":8},"end":{"line":7,"column":35}},"3":{"start":{"line":9,"column":8},"end":{"line":9,"column":41}},"4":{"start":{"line":13,"column":8},"end":{"line":13,"column":25}},"5":{"start":{"line":17,"column":25},"end":{"line":30,"column":3}},"6":{"start":{"line":18,"column":28},"end":{"line":18,"column":53}},"7":{"start":{"line":20,"column":27},"end":{"line":22,"column":12}},"8":{"start":{"line":23,"column":25},"end":{"line":25,"column":12}},"9":{"start":{"line":26,"column":22},"end":{"line":28,"column":12}},"10":{"start":{"line":29,"column":4},"end":{"line":29,"column":55}},"11":{"start":{"line":32,"column":2},"end":{"line":32,"column":60}}},"fnMap":{"0":{"name":"(anonymous_0)","decl":{"start":{"line":3,"column":15},"end":{"line":3,"column":16}},"loc":{"start":{"line":3,"column":67},"end":{"line":33,"column":1}},"line":3},"1":{"name":"(anonymous_1)","decl":{"start":{"line":4,"column":23},"end":{"line":4,"column":24}},"loc":{"start":{"line":4,"column":33},"end":{"line":15,"column":3}},"line":4},"2":{"name":"(anonymous_2)","decl":{"start":{"line":17,"column":25},"end":{"line":17,"column":26}},"loc":{"start":{"line":17,"column":36},"end":{"line":30,"column":3}},"line":17}},"branchMap":{"0":{"loc":{"start":{"line":5,"column":4},"end":{"line":14,"column":5}},"type":"switch","locations":[{"start":{"line":6,"column":6},"end":{"line":7,"column":35}},{"start":{"line":8,"column":6},"end":{"line":9,"column":41}},{"start":{"line":12,"column":6},"end":{"line":13,"column":25}}],"line":5},"1":{"loc":{"start":{"line":20,"column":27},"end":{"line":22,"column":12}},"type":"cond-expr","locations":[{"start":{"line":21,"column":8},"end":{"line":21,"column":56}},{"start":{"line":22,"column":8},"end":{"line":22,"column":12}}],"line":20},"2":{"loc":{"start":{"line":23,"column":25},"end":{"line":25,"column":12}},"type":"cond-expr","locations":[{"start":{"line":24,"column":8},"end":{"line":24,"column":53}},{"start":{"line":25,"column":8},"end":{"line":25,"column":12}}],"line":23},"3":{"loc":{"start":{"line":26,"column":22},"end":{"line":28,"column":12}},"type":"cond-expr","locations":[{"start":{"line":27,"column":8},"end":{"line":27,"column":70}},{"start":{"line":28,"column":8},"end":{"line":28,"column":12}}],"line":26},"4":{"loc":{"start":{"line":29,"column":11},"end":{"line":29,"column":54}},"type":"binary-expr","locations":[{"start":{"line":29,"column":11},"end":{"line":29,"column":25}},{"start":{"line":29,"column":29},"end":{"line":29,"column":41}},{"start":{"line":29,"column":45},"end":{"line":29,"column":54}}],"line":29}},"s":{"0":6,"1":11,"2":3,"3":6,"4":2,"5":6,"6":18,"7":18,"8":18,"9":18,"10":18,"11":6},"f":{"0":6,"1":11,"2":18},"b":{"0":[3,6,2],"1":[3,15],"2":[3,15],"3":[3,15],"4":[18,17,16]},"_coverageSchema":"332fd63041d2c1bcb487cc26dd0d5f7d97098a6c","hash":"cc59313dbae6d6386d45a8305bfc61216d2c1668"}
,"/mnt/c/Code/Udemy/ReactAMead/expensify/src/tests/fixtures/expenses.js": {"path":"/mnt/c/Code/Udemy/ReactAMead/expensify/src/tests/fixtures/expenses.js","statementMap":{},"fnMap":{},"branchMap":{},"s":{},"f":{},"b":{},"_coverageSchema":"332fd63041d2c1bcb487cc26dd0d5f7d97098a6c","hash":"48be5c1e3ba66722fdd6ff56f508643ce8c2ac83"}
}
