{"/mnt/c/Code/Udemy/ReactAMead/expensify/src/actions/expenses.js": {"path":"/mnt/c/Code/Udemy/ReactAMead/expensify/src/actions/expenses.js","statementMap":{"0":{"start":{"line":3,"column":26},"end":{"line":17,"column":2}},"1":{"start":{"line":8,"column":12},"end":{"line":17,"column":1}},"2":{"start":{"line":19,"column":29},"end":{"line":22,"column":2}},"3":{"start":{"line":19,"column":47},"end":{"line":22,"column":1}},"4":{"start":{"line":24,"column":27},"end":{"line":28,"column":2}},"5":{"start":{"line":24,"column":45},"end":{"line":28,"column":1}}},"fnMap":{"0":{"name":"(anonymous_0)","decl":{"start":{"line":3,"column":26},"end":{"line":3,"column":27}},"loc":{"start":{"line":8,"column":12},"end":{"line":17,"column":1}},"line":8},"1":{"name":"(anonymous_1)","decl":{"start":{"line":19,"column":29},"end":{"line":19,"column":30}},"loc":{"start":{"line":19,"column":47},"end":{"line":22,"column":1}},"line":19},"2":{"name":"(anonymous_2)","decl":{"start":{"line":24,"column":27},"end":{"line":24,"column":28}},"loc":{"start":{"line":24,"column":45},"end":{"line":28,"column":1}},"line":24}},"branchMap":{"0":{"loc":{"start":{"line":3,"column":27},"end":{"line":8,"column":6}},"type":"default-arg","locations":[{"start":{"line":8,"column":4},"end":{"line":8,"column":6}}],"line":3},"1":{"loc":{"start":{"line":4,"column":2},"end":{"line":4,"column":18}},"type":"default-arg","locations":[{"start":{"line":4,"column":16},"end":{"line":4,"column":18}}],"line":4},"2":{"loc":{"start":{"line":5,"column":2},"end":{"line":5,"column":11}},"type":"default-arg","locations":[{"start":{"line":5,"column":9},"end":{"line":5,"column":11}}],"line":5},"3":{"loc":{"start":{"line":6,"column":2},"end":{"line":6,"column":12}},"type":"default-arg","locations":[{"start":{"line":6,"column":11},"end":{"line":6,"column":12}}],"line":6},"4":{"loc":{"start":{"line":7,"column":2},"end":{"line":7,"column":15}},"type":"default-arg","locations":[{"start":{"line":7,"column":14},"end":{"line":7,"column":15}}],"line":7},"5":{"loc":{"start":{"line":19,"column":30},"end":{"line":19,"column":41}},"type":"default-arg","locations":[{"start":{"line":19,"column":39},"end":{"line":19,"column":41}}],"line":19}},"s":{"0":3,"1":2,"2":3,"3":2,"4":3,"5":1},"f":{"0":2,"1":2,"2":1},"b":{"0":[1],"1":[1],"2":[1],"3":[1],"4":[1],"5":[1]},"_coverageSchema":"332fd63041d2c1bcb487cc26dd0d5f7d97098a6c","hash":"1975a92bc8f14f7fda3f5ed146509770fa8fd840"}
,"/mnt/c/Code/Udemy/ReactAMead/expensify/src/actions/filters.js": {"path":"/mnt/c/Code/Udemy/ReactAMead/expensify/src/actions/filters.js","statementMap":{"0":{"start":{"line":1,"column":29},"end":{"line":4,"column":2}},"1":{"start":{"line":1,"column":45},"end":{"line":4,"column":1}},"2":{"start":{"line":6,"column":28},"end":{"line":8,"column":2}},"3":{"start":{"line":6,"column":35},"end":{"line":8,"column":1}},"4":{"start":{"line":10,"column":26},"end":{"line":12,"column":2}},"5":{"start":{"line":10,"column":33},"end":{"line":12,"column":1}},"6":{"start":{"line":14,"column":28},"end":{"line":17,"column":2}},"7":{"start":{"line":14,"column":37},"end":{"line":17,"column":1}},"8":{"start":{"line":19,"column":26},"end":{"line":22,"column":2}},"9":{"start":{"line":19,"column":35},"end":{"line":22,"column":1}}},"fnMap":{"0":{"name":"(anonymous_0)","decl":{"start":{"line":1,"column":29},"end":{"line":1,"column":30}},"loc":{"start":{"line":1,"column":45},"end":{"line":4,"column":1}},"line":1},"1":{"name":"(anonymous_1)","decl":{"start":{"line":6,"column":28},"end":{"line":6,"column":29}},"loc":{"start":{"line":6,"column":35},"end":{"line":8,"column":1}},"line":6},"2":{"name":"(anonymous_2)","decl":{"start":{"line":10,"column":26},"end":{"line":10,"column":27}},"loc":{"start":{"line":10,"column":33},"end":{"line":12,"column":1}},"line":10},"3":{"name":"(anonymous_3)","decl":{"start":{"line":14,"column":28},"end":{"line":14,"column":29}},"loc":{"start":{"line":14,"column":37},"end":{"line":17,"column":1}},"line":14},"4":{"name":"(anonymous_4)","decl":{"start":{"line":19,"column":26},"end":{"line":19,"column":27}},"loc":{"start":{"line":19,"column":35},"end":{"line":22,"column":1}},"line":19}},"branchMap":{"0":{"loc":{"start":{"line":1,"column":30},"end":{"line":1,"column":39}},"type":"default-arg","locations":[{"start":{"line":1,"column":37},"end":{"line":1,"column":39}}],"line":1}},"s":{"0":3,"1":2,"2":3,"3":1,"4":3,"5":1,"6":3,"7":1,"8":3,"9":1},"f":{"0":2,"1":1,"2":1,"3":1,"4":1},"b":{"0":[1]},"_coverageSchema":"332fd63041d2c1bcb487cc26dd0d5f7d97098a6c","hash":"e9fbfb71c713c3a04655f3307467e9a2edc76c8c"}
,"/mnt/c/Code/Udemy/ReactAMead/expensify/src/components/AddExpensePage.js": {"path":"/mnt/c/Code/Udemy/ReactAMead/expensify/src/components/AddExpensePage.js","statementMap":{"0":{"start":{"line":10,"column":4},"end":{"line":10,"column":35}},"1":{"start":{"line":11,"column":4},"end":{"line":11,"column":33}},"2":{"start":{"line":15,"column":4},"end":{"line":20,"column":6}},"3":{"start":{"line":26,"column":27},"end":{"line":26,"column":41}}},"fnMap":{"0":{"name":"(anonymous_0)","decl":{"start":{"line":9,"column":13},"end":{"line":9,"column":14}},"loc":{"start":{"line":9,"column":24},"end":{"line":12,"column":3}},"line":9},"1":{"name":"(anonymous_1)","decl":{"start":{"line":14,"column":2},"end":{"line":14,"column":3}},"loc":{"start":{"line":14,"column":11},"end":{"line":21,"column":3}},"line":14}},"branchMap":{},"s":{"0":1,"1":1,"2":2,"3":1},"f":{"0":1,"1":2},"b":{},"_coverageSchema":"332fd63041d2c1bcb487cc26dd0d5f7d97098a6c","hash":"18d4c7f644d76ce4589b2f3f4c1ec109bb72ea4f"}
,"/mnt/c/Code/Udemy/ReactAMead/expensify/src/components/EditExpensePage.js": {"path":"/mnt/c/Code/Udemy/ReactAMead/expensify/src/components/EditExpensePage.js","statementMap":{"0":{"start":{"line":11,"column":4},"end":{"line":11,"column":58}},"1":{"start":{"line":11,"column":29},"end":{"line":11,"column":58}},"2":{"start":{"line":15,"column":4},"end":{"line":15,"column":59}},"3":{"start":{"line":16,"column":4},"end":{"line":16,"column":33}},"4":{"start":{"line":20,"column":4},"end":{"line":20,"column":49}},"5":{"start":{"line":21,"column":4},"end":{"line":21,"column":33}},"6":{"start":{"line":25,"column":4},"end":{"line":30,"column":6}},"7":{"start":{"line":34,"column":31},"end":{"line":36,"column":2}},"8":{"start":{"line":34,"column":50},"end":{"line":36,"column":1}},"9":{"start":{"line":35,"column":42},"end":{"line":35,"column":78}},"10":{"start":{"line":38,"column":27},"end":{"line":41,"column":1}}},"fnMap":{"0":{"name":"(anonymous_0)","decl":{"start":{"line":9,"column":2},"end":{"line":9,"column":3}},"loc":{"start":{"line":9,"column":22},"end":{"line":12,"column":3}},"line":9},"1":{"name":"(anonymous_1)","decl":{"start":{"line":14,"column":13},"end":{"line":14,"column":14}},"loc":{"start":{"line":14,"column":24},"end":{"line":17,"column":3}},"line":14},"2":{"name":"(anonymous_2)","decl":{"start":{"line":19,"column":13},"end":{"line":19,"column":14}},"loc":{"start":{"line":19,"column":19},"end":{"line":22,"column":3}},"line":19},"3":{"name":"(anonymous_3)","decl":{"start":{"line":24,"column":2},"end":{"line":24,"column":3}},"loc":{"start":{"line":24,"column":11},"end":{"line":31,"column":3}},"line":24},"4":{"name":"(anonymous_4)","decl":{"start":{"line":34,"column":31},"end":{"line":34,"column":32}},"loc":{"start":{"line":34,"column":50},"end":{"line":36,"column":1}},"line":34},"5":{"name":"(anonymous_5)","decl":{"start":{"line":35,"column":31},"end":{"line":35,"column":32}},"loc":{"start":{"line":35,"column":42},"end":{"line":35,"column":78}},"line":35}},"branchMap":{"0":{"loc":{"start":{"line":11,"column":4},"end":{"line":11,"column":58}},"type":"if","locations":[{"start":{"line":11,"column":4},"end":{"line":11,"column":58}},{"start":{"line":11,"column":4},"end":{"line":11,"column":58}}],"line":11}},"s":{"0":5,"1":0,"2":1,"3":1,"4":1,"5":1,"6":7,"7":1,"8":1,"9":3,"10":1},"f":{"0":5,"1":1,"2":1,"3":7,"4":1,"5":3},"b":{"0":[0,5]},"_coverageSchema":"332fd63041d2c1bcb487cc26dd0d5f7d97098a6c","hash":"cd6eb13f60cc0e42cfe2d37621795f8e39ce34c6"}
,"/mnt/c/Code/Udemy/ReactAMead/expensify/src/components/ExpenseDashboardPage.js": {"path":"/mnt/c/Code/Udemy/ReactAMead/expensify/src/components/ExpenseDashboardPage.js","statementMap":{"0":{"start":{"line":5,"column":29},"end":{"line":10,"column":1}},"1":{"start":{"line":6,"column":2},"end":{"line":9,"column":8}}},"fnMap":{"0":{"name":"(anonymous_0)","decl":{"start":{"line":5,"column":29},"end":{"line":5,"column":30}},"loc":{"start":{"line":6,"column":2},"end":{"line":9,"column":8}},"line":6}},"branchMap":{},"s":{"0":1,"1":1},"f":{"0":1},"b":{},"_coverageSchema":"332fd63041d2c1bcb487cc26dd0d5f7d97098a6c","hash":"723c3698f035aa5eac6b9a87e7fb6d01c5d8fe01"}
,"/mnt/c/Code/Udemy/ReactAMead/expensify/src/components/ExpenseForm.js": {"path":"/mnt/c/Code/Udemy/ReactAMead/expensify/src/components/ExpenseForm.js","statementMap":{"0":{"start":{"line":8,"column":4},"end":{"line":8,"column":17}},"1":{"start":{"line":10,"column":4},"end":{"line":17,"column":6}},"2":{"start":{"line":21,"column":27},"end":{"line":21,"column":41}},"3":{"start":{"line":22,"column":4},"end":{"line":22,"column":59}},"4":{"start":{"line":22,"column":25},"end":{"line":22,"column":56}},"5":{"start":{"line":26,"column":20},"end":{"line":26,"column":34}},"6":{"start":{"line":27,"column":4},"end":{"line":27,"column":45}},"7":{"start":{"line":27,"column":25},"end":{"line":27,"column":42}},"8":{"start":{"line":31,"column":22},"end":{"line":31,"column":36}},"9":{"start":{"line":32,"column":4},"end":{"line":34,"column":5}},"10":{"start":{"line":33,"column":6},"end":{"line":33,"column":51}},"11":{"start":{"line":33,"column":27},"end":{"line":33,"column":48}},"12":{"start":{"line":38,"column":4},"end":{"line":40,"column":5}},"13":{"start":{"line":39,"column":6},"end":{"line":39,"column":52}},"14":{"start":{"line":39,"column":27},"end":{"line":39,"column":49}},"15":{"start":{"line":44,"column":4},"end":{"line":44,"column":56}},"16":{"start":{"line":44,"column":25},"end":{"line":44,"column":53}},"17":{"start":{"line":48,"column":4},"end":{"line":48,"column":23}},"18":{"start":{"line":49,"column":4},"end":{"line":62,"column":5}},"19":{"start":{"line":51,"column":6},"end":{"line":53,"column":10}},"20":{"start":{"line":51,"column":27},"end":{"line":53,"column":7}},"21":{"start":{"line":55,"column":6},"end":{"line":55,"column":43}},"22":{"start":{"line":55,"column":27},"end":{"line":55,"column":40}},"23":{"start":{"line":56,"column":6},"end":{"line":61,"column":9}},"24":{"start":{"line":66,"column":4},"end":{"line":102,"column":6}},"25":{"start":{"line":90,"column":34},"end":{"line":90,"column":39}}},"fnMap":{"0":{"name":"(anonymous_0)","decl":{"start":{"line":7,"column":2},"end":{"line":7,"column":3}},"loc":{"start":{"line":7,"column":21},"end":{"line":18,"column":3}},"line":7},"1":{"name":"(anonymous_1)","decl":{"start":{"line":20,"column":24},"end":{"line":20,"column":25}},"loc":{"start":{"line":20,"column":29},"end":{"line":23,"column":3}},"line":20},"2":{"name":"(anonymous_2)","decl":{"start":{"line":22,"column":18},"end":{"line":22,"column":19}},"loc":{"start":{"line":22,"column":25},"end":{"line":22,"column":56}},"line":22},"3":{"name":"(anonymous_3)","decl":{"start":{"line":25,"column":17},"end":{"line":25,"column":18}},"loc":{"start":{"line":25,"column":22},"end":{"line":28,"column":3}},"line":25},"4":{"name":"(anonymous_4)","decl":{"start":{"line":27,"column":18},"end":{"line":27,"column":19}},"loc":{"start":{"line":27,"column":25},"end":{"line":27,"column":42}},"line":27},"5":{"name":"(anonymous_5)","decl":{"start":{"line":30,"column":19},"end":{"line":30,"column":20}},"loc":{"start":{"line":30,"column":24},"end":{"line":35,"column":3}},"line":30},"6":{"name":"(anonymous_6)","decl":{"start":{"line":33,"column":20},"end":{"line":33,"column":21}},"loc":{"start":{"line":33,"column":27},"end":{"line":33,"column":48}},"line":33},"7":{"name":"(anonymous_7)","decl":{"start":{"line":37,"column":17},"end":{"line":37,"column":18}},"loc":{"start":{"line":37,"column":28},"end":{"line":41,"column":3}},"line":37},"8":{"name":"(anonymous_8)","decl":{"start":{"line":39,"column":20},"end":{"line":39,"column":21}},"loc":{"start":{"line":39,"column":27},"end":{"line":39,"column":49}},"line":39},"9":{"name":"(anonymous_9)","decl":{"start":{"line":43,"column":18},"end":{"line":43,"column":19}},"loc":{"start":{"line":43,"column":35},"end":{"line":45,"column":3}},"line":43},"10":{"name":"(anonymous_10)","decl":{"start":{"line":44,"column":18},"end":{"line":44,"column":19}},"loc":{"start":{"line":44,"column":25},"end":{"line":44,"column":53}},"line":44},"11":{"name":"(anonymous_11)","decl":{"start":{"line":47,"column":17},"end":{"line":47,"column":18}},"loc":{"start":{"line":47,"column":22},"end":{"line":63,"column":3}},"line":47},"12":{"name":"(anonymous_12)","decl":{"start":{"line":51,"column":20},"end":{"line":51,"column":21}},"loc":{"start":{"line":51,"column":27},"end":{"line":53,"column":7}},"line":51},"13":{"name":"(anonymous_13)","decl":{"start":{"line":55,"column":20},"end":{"line":55,"column":21}},"loc":{"start":{"line":55,"column":27},"end":{"line":55,"column":40}},"line":55},"14":{"name":"(anonymous_14)","decl":{"start":{"line":65,"column":2},"end":{"line":65,"column":3}},"loc":{"start":{"line":65,"column":11},"end":{"line":103,"column":3}},"line":65},"15":{"name":"(anonymous_15)","decl":{"start":{"line":90,"column":28},"end":{"line":90,"column":29}},"loc":{"start":{"line":90,"column":34},"end":{"line":90,"column":39}},"line":90}},"branchMap":{"0":{"loc":{"start":{"line":11,"column":19},"end":{"line":11,"column":65}},"type":"cond-expr","locations":[{"start":{"line":11,"column":35},"end":{"line":11,"column":60}},{"start":{"line":11,"column":63},"end":{"line":11,"column":65}}],"line":11},"1":{"loc":{"start":{"line":12,"column":14},"end":{"line":12,"column":74}},"type":"cond-expr","locations":[{"start":{"line":12,"column":30},"end":{"line":12,"column":69}},{"start":{"line":12,"column":72},"end":{"line":12,"column":74}}],"line":12},"2":{"loc":{"start":{"line":13,"column":12},"end":{"line":13,"column":51}},"type":"cond-expr","locations":[{"start":{"line":13,"column":28},"end":{"line":13,"column":46}},{"start":{"line":13,"column":49},"end":{"line":13,"column":51}}],"line":13},"3":{"loc":{"start":{"line":14,"column":17},"end":{"line":14,"column":75}},"type":"cond-expr","locations":[{"start":{"line":14,"column":33},"end":{"line":14,"column":64}},{"start":{"line":14,"column":67},"end":{"line":14,"column":75}}],"line":14},"4":{"loc":{"start":{"line":32,"column":4},"end":{"line":34,"column":5}},"type":"if","locations":[{"start":{"line":32,"column":4},"end":{"line":34,"column":5}},{"start":{"line":32,"column":4},"end":{"line":34,"column":5}}],"line":32},"5":{"loc":{"start":{"line":32,"column":8},"end":{"line":32,"column":58}},"type":"binary-expr","locations":[{"start":{"line":32,"column":8},"end":{"line":32,"column":18}},{"start":{"line":32,"column":22},"end":{"line":32,"column":58}}],"line":32},"6":{"loc":{"start":{"line":38,"column":4},"end":{"line":40,"column":5}},"type":"if","locations":[{"start":{"line":38,"column":4},"end":{"line":40,"column":5}},{"start":{"line":38,"column":4},"end":{"line":40,"column":5}}],"line":38},"7":{"loc":{"start":{"line":49,"column":4},"end":{"line":62,"column":5}},"type":"if","locations":[{"start":{"line":49,"column":4},"end":{"line":62,"column":5}},{"start":{"line":49,"column":4},"end":{"line":62,"column":5}}],"line":49},"8":{"loc":{"start":{"line":49,"column":8},"end":{"line":49,"column":53}},"type":"binary-expr","locations":[{"start":{"line":49,"column":8},"end":{"line":49,"column":31}},{"start":{"line":49,"column":35},"end":{"line":49,"column":53}}],"line":49},"9":{"loc":{"start":{"line":68,"column":9},"end":{"line":68,"column":54}},"type":"binary-expr","locations":[{"start":{"line":68,"column":9},"end":{"line":68,"column":25}},{"start":{"line":68,"column":29},"end":{"line":68,"column":54}}],"line":68},"10":{"loc":{"start":{"line":98,"column":13},"end":{"line":98,"column":66}},"type":"cond-expr","locations":[{"start":{"line":98,"column":34},"end":{"line":98,"column":50}},{"start":{"line":98,"column":53},"end":{"line":98,"column":66}}],"line":98}},"s":{"0":11,"1":11,"2":1,"3":1,"4":1,"5":1,"6":1,"7":1,"8":2,"9":2,"10":1,"11":1,"12":2,"13":1,"14":1,"15":1,"16":1,"17":2,"18":2,"19":1,"20":1,"21":1,"22":1,"23":1,"24":18,"25":2},"f":{"0":11,"1":1,"2":1,"3":1,"4":1,"5":2,"6":1,"7":2,"8":1,"9":1,"10":1,"11":2,"12":1,"13":1,"14":18,"15":2},"b":{"0":[2,9],"1":[2,9],"2":[2,9],"3":[2,9],"4":[1,1],"5":[2,2],"6":[1,1],"7":[1,1],"8":[2,1],"9":[18,1],"10":[3,15]},"_coverageSchema":"332fd63041d2c1bcb487cc26dd0d5f7d97098a6c","hash":"8e72b9b6655808b33436a0555971727ce29f911e"}
,"/mnt/c/Code/Udemy/ReactAMead/expensify/src/components/ExpenseList.js": {"path":"/mnt/c/Code/Udemy/ReactAMead/expensify/src/components/ExpenseList.js","statementMap":{"0":{"start":{"line":6,"column":27},"end":{"line":16,"column":1}},"1":{"start":{"line":7,"column":2},"end":{"line":15,"column":8}},"2":{"start":{"line":12,"column":8},"end":{"line":12,"column":57}},"3":{"start":{"line":18,"column":24},"end":{"line":20,"column":2}},"4":{"start":{"line":18,"column":34},"end":{"line":20,"column":1}}},"fnMap":{"0":{"name":"(anonymous_0)","decl":{"start":{"line":6,"column":27},"end":{"line":6,"column":28}},"loc":{"start":{"line":7,"column":2},"end":{"line":15,"column":8}},"line":7},"1":{"name":"(anonymous_1)","decl":{"start":{"line":11,"column":25},"end":{"line":11,"column":26}},"loc":{"start":{"line":12,"column":8},"end":{"line":12,"column":57}},"line":12},"2":{"name":"(anonymous_2)","decl":{"start":{"line":18,"column":24},"end":{"line":18,"column":25}},"loc":{"start":{"line":18,"column":34},"end":{"line":20,"column":1}},"line":18}},"branchMap":{"0":{"loc":{"start":{"line":8,"column":5},"end":{"line":14,"column":5}},"type":"cond-expr","locations":[{"start":{"line":9,"column":6},"end":{"line":9,"column":24}},{"start":{"line":11,"column":6},"end":{"line":13,"column":8}}],"line":8}},"s":{"0":2,"1":2,"2":3,"3":2,"4":0},"f":{"0":2,"1":3,"2":0},"b":{"0":[1,1]},"_coverageSchema":"332fd63041d2c1bcb487cc26dd0d5f7d97098a6c","hash":"e7be6cad294df099234fe1a75c0a753229763f76"}
,"/mnt/c/Code/Udemy/ReactAMead/expensify/src/components/ExpenseListFilters.js": {"path":"/mnt/c/Code/Udemy/ReactAMead/expensify/src/components/ExpenseListFilters.js","statementMap":{"0":{"start":{"line":20,"column":4},"end":{"line":20,"column":39}},"1":{"start":{"line":21,"column":4},"end":{"line":21,"column":35}},"2":{"start":{"line":25,"column":4},"end":{"line":25,"column":47}},"3":{"start":{"line":25,"column":25},"end":{"line":25,"column":44}},"4":{"start":{"line":28,"column":22},"end":{"line":28,"column":62}},"5":{"start":{"line":31,"column":4},"end":{"line":35,"column":5}},"6":{"start":{"line":32,"column":6},"end":{"line":32,"column":30}},"7":{"start":{"line":33,"column":11},"end":{"line":35,"column":5}},"8":{"start":{"line":34,"column":6},"end":{"line":34,"column":32}},"9":{"start":{"line":39,"column":4},"end":{"line":63,"column":6}},"10":{"start":{"line":59,"column":32},"end":{"line":59,"column":37}},"11":{"start":{"line":67,"column":24},"end":{"line":69,"column":2}},"12":{"start":{"line":67,"column":34},"end":{"line":69,"column":1}},"13":{"start":{"line":71,"column":27},"end":{"line":71,"column":47}}},"fnMap":{"0":{"name":"(anonymous_0)","decl":{"start":{"line":19,"column":18},"end":{"line":19,"column":19}},"loc":{"start":{"line":19,"column":46},"end":{"line":22,"column":3}},"line":19},"1":{"name":"(anonymous_1)","decl":{"start":{"line":24,"column":18},"end":{"line":24,"column":19}},"loc":{"start":{"line":24,"column":37},"end":{"line":26,"column":3}},"line":24},"2":{"name":"(anonymous_2)","decl":{"start":{"line":25,"column":18},"end":{"line":25,"column":19}},"loc":{"start":{"line":25,"column":25},"end":{"line":25,"column":44}},"line":25},"3":{"name":"(anonymous_3)","decl":{"start":{"line":28,"column":17},"end":{"line":28,"column":18}},"loc":{"start":{"line":28,"column":22},"end":{"line":28,"column":62}},"line":28},"4":{"name":"(anonymous_4)","decl":{"start":{"line":30,"column":17},"end":{"line":30,"column":18}},"loc":{"start":{"line":30,"column":22},"end":{"line":36,"column":3}},"line":30},"5":{"name":"(anonymous_5)","decl":{"start":{"line":38,"column":2},"end":{"line":38,"column":3}},"loc":{"start":{"line":38,"column":11},"end":{"line":64,"column":3}},"line":38},"6":{"name":"(anonymous_6)","decl":{"start":{"line":59,"column":26},"end":{"line":59,"column":27}},"loc":{"start":{"line":59,"column":32},"end":{"line":59,"column":37}},"line":59},"7":{"name":"(anonymous_7)","decl":{"start":{"line":67,"column":24},"end":{"line":67,"column":25}},"loc":{"start":{"line":67,"column":34},"end":{"line":69,"column":1}},"line":67}},"branchMap":{"0":{"loc":{"start":{"line":31,"column":4},"end":{"line":35,"column":5}},"type":"if","locations":[{"start":{"line":31,"column":4},"end":{"line":35,"column":5}},{"start":{"line":31,"column":4},"end":{"line":35,"column":5}}],"line":31},"1":{"loc":{"start":{"line":33,"column":11},"end":{"line":35,"column":5}},"type":"if","locations":[{"start":{"line":33,"column":11},"end":{"line":35,"column":5}},{"start":{"line":33,"column":11},"end":{"line":35,"column":5}}],"line":33}},"s":{"0":1,"1":1,"2":1,"3":1,"4":1,"5":2,"6":1,"7":1,"8":1,"9":11,"10":2,"11":2,"12":0,"13":2},"f":{"0":1,"1":1,"2":1,"3":1,"4":2,"5":11,"6":2,"7":0},"b":{"0":[1,1],"1":[1,0]},"_coverageSchema":"332fd63041d2c1bcb487cc26dd0d5f7d97098a6c","hash":"bd4effcaa924fa6c5a1468bf7b7703b6f3c2e09e"}
,"/mnt/c/Code/Udemy/ReactAMead/expensify/src/components/ExpenseListItem.js": {"path":"/mnt/c/Code/Udemy/ReactAMead/expensify/src/components/ExpenseListItem.js","statementMap":{"0":{"start":{"line":4,"column":24},"end":{"line":12,"column":1}},"1":{"start":{"line":5,"column":2},"end":{"line":11,"column":8}}},"fnMap":{"0":{"name":"(anonymous_0)","decl":{"start":{"line":4,"column":24},"end":{"line":4,"column":25}},"loc":{"start":{"line":5,"column":2},"end":{"line":11,"column":8}},"line":5}},"branchMap":{},"s":{"0":3,"1":1},"f":{"0":1},"b":{},"_coverageSchema":"332fd63041d2c1bcb487cc26dd0d5f7d97098a6c","hash":"4ff78ae6a46264e1313f645ceb66809ca276557e"}
,"/mnt/c/Code/Udemy/ReactAMead/expensify/src/components/Header.js": {"path":"/mnt/c/Code/Udemy/ReactAMead/expensify/src/components/Header.js","statementMap":{"0":{"start":{"line":4,"column":15},"end":{"line":17,"column":1}},"1":{"start":{"line":5,"column":2},"end":{"line":16,"column":11}}},"fnMap":{"0":{"name":"(anonymous_0)","decl":{"start":{"line":4,"column":15},"end":{"line":4,"column":16}},"loc":{"start":{"line":5,"column":2},"end":{"line":16,"column":11}},"line":5}},"branchMap":{},"s":{"0":1,"1":1},"f":{"0":1},"b":{},"_coverageSchema":"332fd63041d2c1bcb487cc26dd0d5f7d97098a6c","hash":"b5ffcd3f0eed9afa3833c098590ea31752a3b9ca"}
,"/mnt/c/Code/Udemy/ReactAMead/expensify/src/reducers/expenses.js": {"path":"/mnt/c/Code/Udemy/ReactAMead/expensify/src/reducers/expenses.js","statementMap":{"0":{"start":{"line":1,"column":29},"end":{"line":1,"column":31}},"1":{"start":{"line":4,"column":2},"end":{"line":18,"column":3}},"2":{"start":{"line":6,"column":6},"end":{"line":6,"column":40}},"3":{"start":{"line":8,"column":6},"end":{"line":8,"column":76}},"4":{"start":{"line":8,"column":50},"end":{"line":8,"column":66}},"5":{"start":{"line":10,"column":6},"end":{"line":15,"column":9}},"6":{"start":{"line":11,"column":8},"end":{"line":13,"column":9}},"7":{"start":{"line":12,"column":10},"end":{"line":12,"column":51}},"8":{"start":{"line":14,"column":8},"end":{"line":14,"column":23}},"9":{"start":{"line":17,"column":6},"end":{"line":17,"column":19}}},"fnMap":{"0":{"name":"(anonymous_0)","decl":{"start":{"line":3,"column":15},"end":{"line":3,"column":16}},"loc":{"start":{"line":3,"column":57},"end":{"line":19,"column":1}},"line":3},"1":{"name":"(anonymous_1)","decl":{"start":{"line":8,"column":38},"end":{"line":8,"column":39}},"loc":{"start":{"line":8,"column":50},"end":{"line":8,"column":66}},"line":8},"2":{"name":"(anonymous_2)","decl":{"start":{"line":10,"column":23},"end":{"line":10,"column":24}},"loc":{"start":{"line":10,"column":34},"end":{"line":15,"column":7}},"line":10}},"branchMap":{"0":{"loc":{"start":{"line":3,"column":16},"end":{"line":3,"column":44}},"type":"default-arg","locations":[{"start":{"line":3,"column":24},"end":{"line":3,"column":44}}],"line":3},"1":{"loc":{"start":{"line":4,"column":2},"end":{"line":18,"column":3}},"type":"switch","locations":[{"start":{"line":5,"column":4},"end":{"line":6,"column":40}},{"start":{"line":7,"column":4},"end":{"line":8,"column":76}},{"start":{"line":9,"column":4},"end":{"line":15,"column":9}},{"start":{"line":16,"column":4},"end":{"line":17,"column":19}}],"line":4},"2":{"loc":{"start":{"line":8,"column":13},"end":{"line":8,"column":75}},"type":"cond-expr","locations":[{"start":{"line":8,"column":25},"end":{"line":8,"column":67}},{"start":{"line":8,"column":70},"end":{"line":8,"column":75}}],"line":8},"3":{"loc":{"start":{"line":11,"column":8},"end":{"line":13,"column":9}},"type":"if","locations":[{"start":{"line":11,"column":8},"end":{"line":13,"column":9}},{"start":{"line":11,"column":8},"end":{"line":13,"column":9}}],"line":11}},"s":{"0":1,"1":6,"2":1,"3":2,"4":6,"5":2,"6":6,"7":1,"8":5,"9":1},"f":{"0":6,"1":6,"2":6},"b":{"0":[1],"1":[1,2,2,1],"2":[2,0],"3":[1,5]},"_coverageSchema":"332fd63041d2c1bcb487cc26dd0d5f7d97098a6c","hash":"6579d8a41fc2f2213a3182ed502620501d22d894"}
,"/mnt/c/Code/Udemy/ReactAMead/expensify/src/reducers/filters.js": {"path":"/mnt/c/Code/Udemy/ReactAMead/expensify/src/reducers/filters.js","statementMap":{"0":{"start":{"line":3,"column":28},"end":{"line":8,"column":1}},"1":{"start":{"line":11,"column":2},"end":{"line":24,"column":3}},"2":{"start":{"line":13,"column":6},"end":{"line":13,"column":45}},"3":{"start":{"line":15,"column":6},"end":{"line":15,"column":44}},"4":{"start":{"line":17,"column":6},"end":{"line":17,"column":42}},"5":{"start":{"line":19,"column":6},"end":{"line":19,"column":50}},"6":{"start":{"line":21,"column":6},"end":{"line":21,"column":48}},"7":{"start":{"line":23,"column":6},"end":{"line":23,"column":19}}},"fnMap":{"0":{"name":"(anonymous_0)","decl":{"start":{"line":10,"column":15},"end":{"line":10,"column":16}},"loc":{"start":{"line":10,"column":56},"end":{"line":25,"column":1}},"line":10}},"branchMap":{"0":{"loc":{"start":{"line":10,"column":16},"end":{"line":10,"column":43}},"type":"default-arg","locations":[{"start":{"line":10,"column":24},"end":{"line":10,"column":43}}],"line":10},"1":{"loc":{"start":{"line":11,"column":2},"end":{"line":24,"column":3}},"type":"switch","locations":[{"start":{"line":12,"column":4},"end":{"line":13,"column":45}},{"start":{"line":14,"column":4},"end":{"line":15,"column":44}},{"start":{"line":16,"column":4},"end":{"line":17,"column":42}},{"start":{"line":18,"column":4},"end":{"line":19,"column":50}},{"start":{"line":20,"column":4},"end":{"line":21,"column":48}},{"start":{"line":22,"column":4},"end":{"line":23,"column":19}}],"line":11}},"s":{"0":1,"1":6,"2":1,"3":1,"4":1,"5":1,"6":1,"7":1},"f":{"0":6},"b":{"0":[5],"1":[1,1,1,1,1,1]},"_coverageSchema":"332fd63041d2c1bcb487cc26dd0d5f7d97098a6c","hash":"24fe7060436a0f6c133fc57701991fd6bcb9839c"}
,"/mnt/c/Code/Udemy/ReactAMead/expensify/src/selectors/expenses.js": {"path":"/mnt/c/Code/Udemy/ReactAMead/expensify/src/selectors/expenses.js","statementMap":{"0":{"start":{"line":4,"column":23},"end":{"line":15,"column":3}},"1":{"start":{"line":5,"column":4},"end":{"line":14,"column":5}},"2":{"start":{"line":7,"column":8},"end":{"line":7,"column":35}},"3":{"start":{"line":9,"column":8},"end":{"line":9,"column":41}},"4":{"start":{"line":13,"column":8},"end":{"line":13,"column":25}},"5":{"start":{"line":17,"column":25},"end":{"line":30,"column":3}},"6":{"start":{"line":18,"column":28},"end":{"line":18,"column":53}},"7":{"start":{"line":20,"column":27},"end":{"line":22,"column":12}},"8":{"start":{"line":23,"column":25},"end":{"line":25,"column":12}},"9":{"start":{"line":26,"column":22},"end":{"line":28,"column":12}},"10":{"start":{"line":29,"column":4},"end":{"line":29,"column":55}},"11":{"start":{"line":32,"column":2},"end":{"line":32,"column":60}}},"fnMap":{"0":{"name":"(anonymous_0)","decl":{"start":{"line":3,"column":15},"end":{"line":3,"column":16}},"loc":{"start":{"line":3,"column":67},"end":{"line":33,"column":1}},"line":3},"1":{"name":"(anonymous_1)","decl":{"start":{"line":4,"column":23},"end":{"line":4,"column":24}},"loc":{"start":{"line":4,"column":33},"end":{"line":15,"column":3}},"line":4},"2":{"name":"(anonymous_2)","decl":{"start":{"line":17,"column":25},"end":{"line":17,"column":26}},"loc":{"start":{"line":17,"column":36},"end":{"line":30,"column":3}},"line":17}},"branchMap":{"0":{"loc":{"start":{"line":5,"column":4},"end":{"line":14,"column":5}},"type":"switch","locations":[{"start":{"line":6,"column":6},"end":{"line":7,"column":35}},{"start":{"line":8,"column":6},"end":{"line":9,"column":41}},{"start":{"line":12,"column":6},"end":{"line":13,"column":25}}],"line":5},"1":{"loc":{"start":{"line":20,"column":27},"end":{"line":22,"column":12}},"type":"cond-expr","locations":[{"start":{"line":21,"column":8},"end":{"line":21,"column":56}},{"start":{"line":22,"column":8},"end":{"line":22,"column":12}}],"line":20},"2":{"loc":{"start":{"line":23,"column":25},"end":{"line":25,"column":12}},"type":"cond-expr","locations":[{"start":{"line":24,"column":8},"end":{"line":24,"column":53}},{"start":{"line":25,"column":8},"end":{"line":25,"column":12}}],"line":23},"3":{"loc":{"start":{"line":26,"column":22},"end":{"line":28,"column":12}},"type":"cond-expr","locations":[{"start":{"line":27,"column":8},"end":{"line":27,"column":70}},{"start":{"line":28,"column":8},"end":{"line":28,"column":12}}],"line":26},"4":{"loc":{"start":{"line":29,"column":11},"end":{"line":29,"column":54}},"type":"binary-expr","locations":[{"start":{"line":29,"column":11},"end":{"line":29,"column":25}},{"start":{"line":29,"column":29},"end":{"line":29,"column":41}},{"start":{"line":29,"column":45},"end":{"line":29,"column":54}}],"line":29}},"s":{"0":6,"1":11,"2":3,"3":6,"4":2,"5":6,"6":18,"7":18,"8":18,"9":18,"10":18,"11":6},"f":{"0":6,"1":11,"2":18},"b":{"0":[3,6,2],"1":[3,15],"2":[3,15],"3":[3,15],"4":[18,17,16]},"_coverageSchema":"332fd63041d2c1bcb487cc26dd0d5f7d97098a6c","hash":"cc59313dbae6d6386d45a8305bfc61216d2c1668"}
,"/mnt/c/Code/Udemy/ReactAMead/expensify/src/tests/setupTests.js": {"path":"/mnt/c/Code/Udemy/ReactAMead/expensify/src/tests/setupTests.js","statementMap":{"0":{"start":{"line":4,"column":0},"end":{"line":6,"column":3}}},"fnMap":{},"branchMap":{},"s":{"0":13},"f":{},"b":{},"_coverageSchema":"332fd63041d2c1bcb487cc26dd0d5f7d97098a6c","hash":"33338f4654422aa72f11d5f3964ddc225f6f8c12"}
,"/mnt/c/Code/Udemy/ReactAMead/expensify/src/tests/fixtures/expenses.js": {"path":"/mnt/c/Code/Udemy/ReactAMead/expensify/src/tests/fixtures/expenses.js","statementMap":{},"fnMap":{},"branchMap":{},"s":{},"f":{},"b":{},"_coverageSchema":"332fd63041d2c1bcb487cc26dd0d5f7d97098a6c","hash":"48be5c1e3ba66722fdd6ff56f508643ce8c2ac83"}
,"/mnt/c/Code/Udemy/ReactAMead/expensify/src/tests/fixtures/filters.js": {"path":"/mnt/c/Code/Udemy/ReactAMead/expensify/src/tests/fixtures/filters.js","statementMap":{"0":{"start":{"line":3,"column":16},"end":{"line":8,"column":1}},"1":{"start":{"line":10,"column":24},"end":{"line":15,"column":1}}},"fnMap":{},"branchMap":{},"s":{"0":1,"1":1},"f":{},"b":{},"_coverageSchema":"332fd63041d2c1bcb487cc26dd0d5f7d97098a6c","hash":"0bf3024b9654c1dd6cc92b053d63c4702f972b5a"}
}
