TN:
SF:/mnt/c/Code/Udemy/ReactAMead/expensify/src/actions/expenses.js
FN:3,(anonymous_0)
FN:19,(anonymous_1)
FN:24,(anonymous_2)
FNF:3
FNH:3
FNDA:2,(anonymous_0)
FNDA:2,(anonymous_1)
FNDA:1,(anonymous_2)
DA:3,3
DA:8,2
DA:19,3
DA:24,3
LF:4
LH:4
BRDA:3,0,0,1
BRDA:4,1,0,1
BRDA:5,2,0,1
BRDA:6,3,0,1
BRDA:7,4,0,1
BRDA:19,5,0,1
BRF:6
BRH:6
end_of_record
TN:
SF:/mnt/c/Code/Udemy/ReactAMead/expensify/src/actions/filters.js
FN:1,(anonymous_0)
FN:6,(anonymous_1)
FN:10,(anonymous_2)
FN:14,(anonymous_3)
FN:19,(anonymous_4)
FNF:5
FNH:5
FNDA:2,(anonymous_0)
FNDA:1,(anonymous_1)
FNDA:1,(anonymous_2)
FNDA:1,(anonymous_3)
FNDA:1,(anonymous_4)
DA:1,3
DA:6,3
DA:10,3
DA:14,3
DA:19,3
LF:5
LH:5
BRDA:1,0,0,1
BRF:1
BRH:1
end_of_record
TN:
SF:/mnt/c/Code/Udemy/ReactAMead/expensify/src/components/AddExpensePage.js
FN:9,(anonymous_0)
FN:14,(anonymous_1)
FNF:2
FNH:2
FNDA:1,(anonymous_0)
FNDA:2,(anonymous_1)
DA:10,1
DA:11,1
DA:15,2
DA:26,1
LF:4
LH:4
BRF:0
BRH:0
end_of_record
TN:
SF:/mnt/c/Code/Udemy/ReactAMead/expensify/src/components/EditExpensePage.js
FN:9,(anonymous_0)
FN:14,(anonymous_1)
FN:19,(anonymous_2)
FN:24,(anonymous_3)
FN:34,(anonymous_4)
FN:35,(anonymous_5)
FNF:6
FNH:6
FNDA:5,(anonymous_0)
FNDA:1,(anonymous_1)
FNDA:1,(anonymous_2)
FNDA:7,(anonymous_3)
FNDA:1,(anonymous_4)
FNDA:3,(anonymous_5)
DA:11,5
DA:15,1
DA:16,1
DA:20,1
DA:21,1
DA:25,7
DA:34,1
DA:35,3
DA:38,1
LF:9
LH:9
BRDA:11,0,0,0
BRDA:11,0,1,5
BRF:2
BRH:1
end_of_record
TN:
SF:/mnt/c/Code/Udemy/ReactAMead/expensify/src/components/ExpenseDashboardPage.js
FN:5,(anonymous_0)
FNF:1
FNH:1
FNDA:1,(anonymous_0)
DA:5,1
DA:6,1
LF:2
LH:2
BRF:0
BRH:0
end_of_record
TN:
SF:/mnt/c/Code/Udemy/ReactAMead/expensify/src/components/ExpenseForm.js
FN:7,(anonymous_0)
FN:20,(anonymous_1)
FN:22,(anonymous_2)
FN:25,(anonymous_3)
FN:27,(anonymous_4)
FN:30,(anonymous_5)
FN:33,(anonymous_6)
FN:37,(anonymous_7)
FN:39,(anonymous_8)
FN:43,(anonymous_9)
FN:44,(anonymous_10)
FN:47,(anonymous_11)
FN:51,(anonymous_12)
FN:55,(anonymous_13)
FN:65,(anonymous_14)
FN:90,(anonymous_15)
FNF:16
FNH:16
FNDA:11,(anonymous_0)
FNDA:1,(anonymous_1)
FNDA:1,(anonymous_2)
FNDA:1,(anonymous_3)
FNDA:1,(anonymous_4)
FNDA:2,(anonymous_5)
FNDA:1,(anonymous_6)
FNDA:2,(anonymous_7)
FNDA:1,(anonymous_8)
FNDA:1,(anonymous_9)
FNDA:1,(anonymous_10)
FNDA:2,(anonymous_11)
FNDA:1,(anonymous_12)
FNDA:1,(anonymous_13)
FNDA:18,(anonymous_14)
FNDA:2,(anonymous_15)
DA:8,11
DA:10,11
DA:21,1
DA:22,1
DA:26,1
DA:27,1
DA:31,2
DA:32,2
DA:33,1
DA:38,2
DA:39,1
DA:44,1
DA:48,2
DA:49,2
DA:51,1
DA:55,1
DA:56,1
DA:66,18
DA:90,2
LF:19
LH:19
BRDA:11,0,0,2
BRDA:11,0,1,9
BRDA:12,1,0,2
BRDA:12,1,1,9
BRDA:13,2,0,2
BRDA:13,2,1,9
BRDA:14,3,0,2
BRDA:14,3,1,9
BRDA:32,4,0,1
BRDA:32,4,1,1
BRDA:32,5,0,2
BRDA:32,5,1,2
BRDA:38,6,0,1
BRDA:38,6,1,1
BRDA:49,7,0,1
BRDA:49,7,1,1
BRDA:49,8,0,2
BRDA:49,8,1,1
BRDA:68,9,0,18
BRDA:68,9,1,1
BRDA:98,10,0,3
BRDA:98,10,1,15
BRF:22
BRH:22
end_of_record
TN:
SF:/mnt/c/Code/Udemy/ReactAMead/expensify/src/components/ExpenseList.js
FN:6,(anonymous_0)
FN:11,(anonymous_1)
FN:18,(anonymous_2)
FNF:3
FNH:2
FNDA:2,(anonymous_0)
FNDA:3,(anonymous_1)
FNDA:0,(anonymous_2)
DA:6,2
DA:7,2
DA:12,3
DA:18,2
LF:4
LH:4
BRDA:8,0,0,1
BRDA:8,0,1,1
BRF:2
BRH:2
end_of_record
TN:
SF:/mnt/c/Code/Udemy/ReactAMead/expensify/src/components/ExpenseListFilters.js
FN:19,(anonymous_0)
FN:24,(anonymous_1)
FN:25,(anonymous_2)
FN:28,(anonymous_3)
FN:30,(anonymous_4)
FN:38,(anonymous_5)
FN:59,(anonymous_6)
FN:67,(anonymous_7)
FNF:8
FNH:7
FNDA:1,(anonymous_0)
FNDA:1,(anonymous_1)
FNDA:1,(anonymous_2)
FNDA:1,(anonymous_3)
FNDA:2,(anonymous_4)
FNDA:11,(anonymous_5)
FNDA:2,(anonymous_6)
FNDA:0,(anonymous_7)
DA:20,1
DA:21,1
DA:25,1
DA:28,1
DA:31,2
DA:32,1
DA:33,1
DA:34,1
DA:39,11
DA:59,2
DA:67,2
DA:71,2
LF:12
LH:12
BRDA:31,0,0,1
BRDA:31,0,1,1
BRDA:33,1,0,1
BRDA:33,1,1,0
BRF:4
BRH:3
end_of_record
TN:
SF:/mnt/c/Code/Udemy/ReactAMead/expensify/src/components/ExpenseListItem.js
FN:4,(anonymous_0)
FNF:1
FNH:1
FNDA:1,(anonymous_0)
DA:4,3
DA:5,1
LF:2
LH:2
BRF:0
BRH:0
end_of_record
TN:
SF:/mnt/c/Code/Udemy/ReactAMead/expensify/src/components/Header.js
FN:4,(anonymous_0)
FNF:1
FNH:1
FNDA:1,(anonymous_0)
DA:4,1
DA:5,1
LF:2
LH:2
BRF:0
BRH:0
end_of_record
TN:
SF:/mnt/c/Code/Udemy/ReactAMead/expensify/src/reducers/expenses.js
FN:3,(anonymous_0)
FN:8,(anonymous_1)
FN:10,(anonymous_2)
FNF:3
FNH:3
FNDA:6,(anonymous_0)
FNDA:6,(anonymous_1)
FNDA:6,(anonymous_2)
DA:1,1
DA:4,6
DA:6,1
DA:8,6
DA:10,2
DA:11,6
DA:12,1
DA:14,5
DA:17,1
LF:9
LH:9
BRDA:3,0,0,1
BRDA:4,1,0,1
BRDA:4,1,1,2
BRDA:4,1,2,2
BRDA:4,1,3,1
BRDA:8,2,0,2
BRDA:8,2,1,0
BRDA:11,3,0,1
BRDA:11,3,1,5
BRF:9
BRH:8
end_of_record
TN:
SF:/mnt/c/Code/Udemy/ReactAMead/expensify/src/reducers/filters.js
FN:10,(anonymous_0)
FNF:1
FNH:1
FNDA:6,(anonymous_0)
DA:3,1
DA:11,6
DA:13,1
DA:15,1
DA:17,1
DA:19,1
DA:21,1
DA:23,1
LF:8
LH:8
BRDA:10,0,0,5
BRDA:11,1,0,1
BRDA:11,1,1,1
BRDA:11,1,2,1
BRDA:11,1,3,1
BRDA:11,1,4,1
BRDA:11,1,5,1
BRF:7
BRH:7
end_of_record
TN:
SF:/mnt/c/Code/Udemy/ReactAMead/expensify/src/selectors/expenses.js
FN:3,(anonymous_0)
FN:4,(anonymous_1)
FN:17,(anonymous_2)
FNF:3
FNH:3
FNDA:6,(anonymous_0)
FNDA:11,(anonymous_1)
FNDA:18,(anonymous_2)
DA:4,6
DA:5,11
DA:7,3
DA:9,6
DA:13,2
DA:17,6
DA:18,18
DA:20,18
DA:23,18
DA:26,18
DA:29,18
DA:32,6
LF:12
LH:12
BRDA:5,0,0,3
BRDA:5,0,1,6
BRDA:5,0,2,2
BRDA:20,1,0,3
BRDA:20,1,1,15
BRDA:23,2,0,3
BRDA:23,2,1,15
BRDA:26,3,0,3
BRDA:26,3,1,15
BRDA:29,4,0,18
BRDA:29,4,1,17
BRDA:29,4,2,16
BRF:12
BRH:12
end_of_record
TN:
SF:/mnt/c/Code/Udemy/ReactAMead/expensify/src/tests/setupTests.js
FNF:0
FNH:0
DA:4,13
LF:1
LH:1
BRF:0
BRH:0
end_of_record
TN:
SF:/mnt/c/Code/Udemy/ReactAMead/expensify/src/tests/fixtures/expenses.js
FNF:0
FNH:0
LF:0
LH:0
BRF:0
BRH:0
end_of_record
TN:
SF:/mnt/c/Code/Udemy/ReactAMead/expensify/src/tests/fixtures/filters.js
FNF:0
FNH:0
DA:3,1
DA:10,1
LF:2
LH:2
BRF:0
BRH:0
end_of_record
