TN:
SF:/mnt/c/Code/Udemy/ReactAMead/expensify/src/actions/expenses.js
FN:3,(anonymous_0)
FN:19,(anonymous_1)
FN:24,(anonymous_2)
FNF:3
FNH:3
FNDA:2,(anonymous_0)
FNDA:1,(anonymous_1)
FNDA:1,(anonymous_2)
DA:3,1
DA:8,2
DA:19,1
DA:24,1
LF:4
LH:4
BRDA:3,0,0,1
BRDA:4,1,0,1
BRDA:5,2,0,1
BRDA:6,3,0,1
BRDA:7,4,0,1
BRDA:19,5,0,0
BRF:6
BRH:5
end_of_record
TN:
SF:/mnt/c/Code/Udemy/ReactAMead/expensify/src/actions/filters.js
FN:1,(anonymous_0)
FN:6,(anonymous_1)
FN:10,(anonymous_2)
FN:14,(anonymous_3)
FN:19,(anonymous_4)
FNF:5
FNH:5
FNDA:2,(anonymous_0)
FNDA:1,(anonymous_1)
FNDA:1,(anonymous_2)
FNDA:1,(anonymous_3)
FNDA:1,(anonymous_4)
DA:1,2
DA:6,1
DA:10,1
DA:14,1
DA:19,1
LF:5
LH:5
BRDA:1,0,0,1
BRF:1
BRH:1
end_of_record
TN:
SF:/mnt/c/Code/Udemy/ReactAMead/expensify/src/components/Header.js
FN:4,(anonymous_0)
FNF:1
FNH:1
FNDA:1,(anonymous_0)
DA:4,1
DA:5,1
LF:2
LH:2
BRF:0
BRH:0
end_of_record
TN:
SF:/mnt/c/Code/Udemy/ReactAMead/expensify/src/reducers/expenses.js
FN:3,(anonymous_0)
FN:8,(anonymous_1)
FN:10,(anonymous_2)
FNF:3
FNH:3
FNDA:6,(anonymous_0)
FNDA:6,(anonymous_1)
FNDA:6,(anonymous_2)
DA:1,1
DA:4,6
DA:6,1
DA:8,6
DA:10,2
DA:11,6
DA:12,1
DA:14,5
DA:17,1
LF:9
LH:9
BRDA:3,0,0,1
BRDA:4,1,0,1
BRDA:4,1,1,2
BRDA:4,1,2,2
BRDA:4,1,3,1
BRDA:8,2,0,2
BRDA:8,2,1,0
BRDA:11,3,0,1
BRDA:11,3,1,5
BRF:9
BRH:8
end_of_record
TN:
SF:/mnt/c/Code/Udemy/ReactAMead/expensify/src/reducers/filters.js
FN:10,(anonymous_0)
FNF:1
FNH:1
FNDA:6,(anonymous_0)
DA:3,1
DA:11,6
DA:13,1
DA:15,1
DA:17,1
DA:19,1
DA:21,1
DA:23,1
LF:8
LH:8
BRDA:10,0,0,5
BRDA:11,1,0,1
BRDA:11,1,1,1
BRDA:11,1,2,1
BRDA:11,1,3,1
BRDA:11,1,4,1
BRDA:11,1,5,1
BRF:7
BRH:7
end_of_record
TN:
SF:/mnt/c/Code/Udemy/ReactAMead/expensify/src/selectors/expenses.js
FN:3,(anonymous_0)
FN:4,(anonymous_1)
FN:17,(anonymous_2)
FNF:3
FNH:3
FNDA:6,(anonymous_0)
FNDA:11,(anonymous_1)
FNDA:18,(anonymous_2)
DA:4,6
DA:5,11
DA:7,3
DA:9,6
DA:13,2
DA:17,6
DA:18,18
DA:20,18
DA:23,18
DA:26,18
DA:29,18
DA:32,6
LF:12
LH:12
BRDA:5,0,0,3
BRDA:5,0,1,6
BRDA:5,0,2,2
BRDA:20,1,0,3
BRDA:20,1,1,15
BRDA:23,2,0,3
BRDA:23,2,1,15
BRDA:26,3,0,3
BRDA:26,3,1,15
BRDA:29,4,0,18
BRDA:29,4,1,17
BRDA:29,4,2,16
BRF:12
BRH:12
end_of_record
TN:
SF:/mnt/c/Code/Udemy/ReactAMead/expensify/src/tests/fixtures/expenses.js
FNF:0
FNH:0
LF:0
LH:0
BRF:0
BRH:0
end_of_record
